2025-03-05 15:27:39,214 - INFO: Data loaded successfully. Shape: (249222, 17)
2025-03-05 15:27:39,214 - INFO: Columns: ['id', 'subreddit', 'author', 'score', 'created_utc', 'type', 'num_comments', 'permalink', 'title', 'selftext', 'text', 'resolved_stock', 'post_id', 'special_char_ratio', 'word_count', 'unique_word_count', 'sentiment']
2025-03-05 15:27:39,215 - INFO: Checkpoint saved: data_loaded
2025-03-05 15:27:41,553 - INFO: Use pytorch device_name: mps
2025-03-05 15:27:41,553 - INFO: Load pretrained SentenceTransformer: all-mpnet-base-v2
2025-03-05 15:27:45,047 - INFO: Checkpoint saved: embeddings_initialized
2025-03-05 15:28:03,113 - INFO: Number of documents created: 250773
2025-03-05 15:28:03,114 - INFO: Checkpoint saved: documents_created
2025-03-05 15:28:05,836 - INFO: Processed documents saved.
2025-03-05 15:28:05,849 - INFO: Anonymized telemetry enabled. See                     https://docs.trychroma.com/telemetry for more information.
2025-03-05 15:28:22,456 - INFO: Backing off send_request(...) for 0.5s (requests.exceptions.ReadTimeout: HTTPSConnectionPool(host='us.i.posthog.com', port=443): Read timed out. (read timeout=15))
2025-03-05 15:28:32,257 - INFO: Checkpoint saved: vector_store_created
2025-03-05 15:28:32,257 - INFO: Checkpoint saved: vector_db_loaded
2025-03-05 15:28:32,258 - ERROR: Failed to initialize Cohere services: 1 validation error for Cohere
model_name
  Extra inputs are not permitted [type=extra_forbidden, input_value='command-r', input_type=str]
    For further information visit https://errors.pydantic.dev/2.10/v/extra_forbidden
2025-03-05 15:29:46,543 - INFO: Loaded checkpoint: vector_db_loaded at 2025-03-05T15:28:32.257343
2025-03-05 15:29:47,502 - INFO: Data loaded successfully. Shape: (249222, 17)
2025-03-05 15:29:47,502 - INFO: Columns: ['id', 'subreddit', 'author', 'score', 'created_utc', 'type', 'num_comments', 'permalink', 'title', 'selftext', 'text', 'resolved_stock', 'post_id', 'special_char_ratio', 'word_count', 'unique_word_count', 'sentiment']
2025-03-05 15:29:47,502 - INFO: Checkpoint saved: data_loaded
2025-03-05 15:29:49,817 - INFO: Use pytorch device_name: mps
2025-03-05 15:29:49,817 - INFO: Load pretrained SentenceTransformer: all-mpnet-base-v2
2025-03-05 15:29:53,188 - INFO: Checkpoint saved: embeddings_initialized
2025-03-05 15:29:55,361 - INFO: Loaded previously processed documents. Skipping document chunking.
2025-03-05 15:29:55,371 - INFO: Anonymized telemetry enabled. See                     https://docs.trychroma.com/telemetry for more information.
2025-03-05 15:30:21,859 - INFO: Checkpoint saved: vector_store_created
2025-03-05 15:30:21,859 - INFO: Checkpoint saved: vector_db_loaded
2025-03-05 15:30:21,903 - ERROR: Failed to initialize Cohere services: 1 validation error for CohereRerank
model_name
  Extra inputs are not permitted [type=extra_forbidden, input_value='rerank-english-v2.0', input_type=str]
    For further information visit https://errors.pydantic.dev/2.10/v/extra_forbidden
2025-03-05 15:31:48,523 - INFO: Loaded checkpoint: vector_db_loaded at 2025-03-05T15:30:21.859269
2025-03-05 15:31:49,486 - INFO: Data loaded successfully. Shape: (249222, 17)
2025-03-05 15:31:49,487 - INFO: Columns: ['id', 'subreddit', 'author', 'score', 'created_utc', 'type', 'num_comments', 'permalink', 'title', 'selftext', 'text', 'resolved_stock', 'post_id', 'special_char_ratio', 'word_count', 'unique_word_count', 'sentiment']
2025-03-05 15:31:49,487 - INFO: Checkpoint saved: data_loaded
2025-03-05 15:31:51,676 - INFO: Use pytorch device_name: mps
2025-03-05 15:31:51,676 - INFO: Load pretrained SentenceTransformer: all-mpnet-base-v2
2025-03-05 15:31:54,934 - INFO: Checkpoint saved: embeddings_initialized
2025-03-05 15:31:57,088 - INFO: Loaded previously processed documents. Skipping document chunking.
2025-03-05 15:31:57,099 - INFO: Anonymized telemetry enabled. See                     https://docs.trychroma.com/telemetry for more information.
2025-03-05 15:32:23,843 - INFO: Checkpoint saved: vector_store_created
2025-03-05 15:32:23,843 - INFO: Checkpoint saved: vector_db_loaded
2025-03-05 15:32:23,896 - INFO: Checkpoint saved: cohere_initialized
2025-03-05 15:32:24,472 - INFO: HTTP Request: POST https://api.cohere.com/v2/rerank "HTTP/1.1 200 OK"
2025-03-05 15:32:24,479 - INFO: Query Results:
2025-03-05 15:32:24,481 - INFO:                                                Text      id                                             title relevance_score
0  APPL stock will go over $200 soon, ATH after ATH  rpyv6z  APPL stock will go over $200 soon, ATH after ATH            None
1  APPL stock will go over $200 soon, ATH after ATH  rpyv6z  APPL stock will go over $200 soon, ATH after ATH            None
2  APPL stock will go over $200 soon, ATH after ATH  rpyv6z  APPL stock will go over $200 soon, ATH after ATH            None
2025-03-05 15:32:24,760 - INFO: HTTP Request: POST https://api.cohere.com/v2/rerank "HTTP/1.1 200 OK"
2025-03-05 15:34:24,337 - INFO: Loaded checkpoint: cohere_initialized at 2025-03-05T15:32:23.895854
2025-03-05 15:34:25,299 - INFO: Data loaded successfully. Shape: (249222, 17)
2025-03-05 15:34:25,300 - INFO: Columns: ['id', 'subreddit', 'author', 'score', 'created_utc', 'type', 'num_comments', 'permalink', 'title', 'selftext', 'text', 'resolved_stock', 'post_id', 'special_char_ratio', 'word_count', 'unique_word_count', 'sentiment']
2025-03-05 15:34:25,300 - INFO: Checkpoint saved: data_loaded
2025-03-05 15:34:27,583 - INFO: Use pytorch device_name: mps
2025-03-05 15:34:27,584 - INFO: Load pretrained SentenceTransformer: all-mpnet-base-v2
2025-03-05 15:34:30,859 - INFO: Checkpoint saved: embeddings_initialized
2025-03-05 15:34:33,182 - INFO: Loaded previously processed documents. Skipping document chunking.
2025-03-05 15:34:33,195 - INFO: Anonymized telemetry enabled. See                     https://docs.trychroma.com/telemetry for more information.
2025-03-05 15:34:59,638 - INFO: Checkpoint saved: vector_store_created
2025-03-05 15:34:59,638 - INFO: Checkpoint saved: vector_db_loaded
2025-03-05 15:34:59,706 - INFO: Checkpoint saved: cohere_initialized
2025-03-05 15:35:00,193 - INFO: HTTP Request: POST https://api.cohere.com/v2/rerank "HTTP/1.1 200 OK"
2025-03-05 15:35:00,207 - INFO: Query Results:
2025-03-05 15:35:00,211 - INFO:                                                Text      id                                             title relevance_score
0  APPL stock will go over $200 soon, ATH after ATH  rpyv6z  APPL stock will go over $200 soon, ATH after ATH            None
1  APPL stock will go over $200 soon, ATH after ATH  rpyv6z  APPL stock will go over $200 soon, ATH after ATH            None
2  APPL stock will go over $200 soon, ATH after ATH  rpyv6z  APPL stock will go over $200 soon, ATH after ATH            None
2025-03-05 15:35:00,507 - INFO: HTTP Request: POST https://api.cohere.com/v2/rerank "HTTP/1.1 200 OK"
2025-03-05 15:36:10,244 - INFO: Loaded checkpoint: cohere_initialized at 2025-03-05T15:34:59.705979
2025-03-05 15:36:11,219 - INFO: Data loaded successfully. Shape: (249222, 17)
2025-03-05 15:36:11,219 - INFO: Columns: ['id', 'subreddit', 'author', 'score', 'created_utc', 'type', 'num_comments', 'permalink', 'title', 'selftext', 'text', 'resolved_stock', 'post_id', 'special_char_ratio', 'word_count', 'unique_word_count', 'sentiment']
2025-03-05 15:36:11,219 - INFO: Checkpoint saved: data_loaded
2025-03-05 15:36:13,442 - INFO: Use pytorch device_name: mps
2025-03-05 15:36:13,442 - INFO: Load pretrained SentenceTransformer: all-mpnet-base-v2
2025-03-05 15:36:16,451 - INFO: Checkpoint saved: embeddings_initialized
2025-03-05 15:36:18,792 - INFO: Loaded previously processed documents. Skipping document chunking.
2025-03-05 15:36:18,804 - INFO: Anonymized telemetry enabled. See                     https://docs.trychroma.com/telemetry for more information.
2025-03-05 15:36:45,903 - INFO: Checkpoint saved: vector_store_created
2025-03-05 15:36:45,904 - INFO: Checkpoint saved: vector_db_loaded
2025-03-05 15:36:45,961 - INFO: Checkpoint saved: cohere_initialized
2025-03-05 15:36:46,421 - INFO: HTTP Request: POST https://api.cohere.com/v2/rerank "HTTP/1.1 200 OK"
2025-03-05 15:36:46,440 - INFO: Query Results:
2025-03-05 15:36:46,444 - INFO:                                                Text      id                                             title relevance_score
0  APPL stock will go over $200 soon, ATH after ATH  rpyv6z  APPL stock will go over $200 soon, ATH after ATH            None
1  APPL stock will go over $200 soon, ATH after ATH  rpyv6z  APPL stock will go over $200 soon, ATH after ATH            None
2  APPL stock will go over $200 soon, ATH after ATH  rpyv6z  APPL stock will go over $200 soon, ATH after ATH            None
2025-03-05 15:36:46,741 - INFO: HTTP Request: POST https://api.cohere.com/v2/rerank "HTTP/1.1 200 OK"
2025-03-05 15:38:14,972 - INFO: Loaded checkpoint: cohere_initialized at 2025-03-05T15:36:45.961735
2025-03-05 15:38:15,933 - INFO: Data loaded successfully. Shape: (249222, 17)
2025-03-05 15:38:15,933 - INFO: Columns: ['id', 'subreddit', 'author', 'score', 'created_utc', 'type', 'num_comments', 'permalink', 'title', 'selftext', 'text', 'resolved_stock', 'post_id', 'special_char_ratio', 'word_count', 'unique_word_count', 'sentiment']
2025-03-05 15:38:15,935 - INFO: Checkpoint saved: data_loaded
2025-03-05 15:38:18,195 - INFO: Use pytorch device_name: mps
2025-03-05 15:38:18,195 - INFO: Load pretrained SentenceTransformer: all-mpnet-base-v2
2025-03-05 15:38:21,264 - INFO: Checkpoint saved: embeddings_initialized
2025-03-05 15:38:23,510 - INFO: Loaded previously processed documents. Skipping document chunking.
2025-03-05 15:38:23,520 - INFO: Anonymized telemetry enabled. See                     https://docs.trychroma.com/telemetry for more information.
2025-03-05 15:38:27,116 - INFO: Checkpoint saved: vector_store_created
2025-03-05 15:38:27,117 - INFO: Checkpoint saved: vector_db_loaded
2025-03-05 15:38:27,474 - INFO: HTTP Request: GET https://api.cohere.com/v1/models?endpoint=chat&default_only=true "HTTP/1.1 200 OK"
2025-03-05 15:38:27,506 - INFO: Checkpoint saved: cohere_initialized
2025-03-05 15:38:27,927 - INFO: HTTP Request: POST https://api.cohere.com/v2/rerank "HTTP/1.1 200 OK"
2025-03-05 15:38:27,941 - INFO: Query Results:
2025-03-05 15:38:27,944 - INFO:                                                Text      id                                             title relevance_score
0  APPL stock will go over $200 soon, ATH after ATH  rpyv6z  APPL stock will go over $200 soon, ATH after ATH            None
1  APPL stock will go over $200 soon, ATH after ATH  rpyv6z  APPL stock will go over $200 soon, ATH after ATH            None
2  APPL stock will go over $200 soon, ATH after ATH  rpyv6z  APPL stock will go over $200 soon, ATH after ATH            None
2025-03-05 15:38:28,238 - INFO: HTTP Request: POST https://api.cohere.com/v2/rerank "HTTP/1.1 200 OK"
2025-03-05 15:41:26,207 - INFO: Loaded checkpoint: cohere_initialized at 2025-03-05T15:38:27.505949
2025-03-05 15:41:27,171 - INFO: Data loaded successfully. Shape: (249222, 17)
2025-03-05 15:41:27,171 - INFO: Columns: ['id', 'subreddit', 'author', 'score', 'created_utc', 'type', 'num_comments', 'permalink', 'title', 'selftext', 'text', 'resolved_stock', 'post_id', 'special_char_ratio', 'word_count', 'unique_word_count', 'sentiment']
2025-03-05 15:41:27,171 - INFO: Checkpoint saved: data_loaded
2025-03-05 15:41:29,323 - INFO: Use pytorch device_name: mps
2025-03-05 15:41:29,323 - INFO: Load pretrained SentenceTransformer: deepset/all-mpnet-base-v2-table
2025-03-05 15:42:24,364 - INFO: Checkpoint saved: embeddings_initialized
2025-03-05 15:42:26,600 - INFO: Loaded previously processed documents. Skipping document chunking.
2025-03-05 15:42:26,610 - INFO: Anonymized telemetry enabled. See                     https://docs.trychroma.com/telemetry for more information.
2025-03-05 15:42:29,929 - INFO: Checkpoint saved: vector_store_created
2025-03-05 15:42:29,930 - INFO: Checkpoint saved: vector_db_loaded
2025-03-05 15:42:30,366 - INFO: HTTP Request: GET https://api.cohere.com/v1/models?endpoint=chat&default_only=true "HTTP/1.1 200 OK"
2025-03-05 15:42:30,398 - INFO: Checkpoint saved: cohere_initialized
2025-03-05 15:42:30,959 - INFO: HTTP Request: POST https://api.cohere.com/v2/rerank "HTTP/1.1 200 OK"
2025-03-05 15:42:30,969 - INFO: Query Results:
2025-03-05 15:42:30,974 - INFO:                                                Text      id                                             title relevance_score
0  APPL stock will go over $200 soon, ATH after ATH  rpyv6z  APPL stock will go over $200 soon, ATH after ATH            None
1  APPL stock will go over $200 soon, ATH after ATH  rpyv6z  APPL stock will go over $200 soon, ATH after ATH            None
2  APPL stock will go over $200 soon, ATH after ATH  rpyv6z  APPL stock will go over $200 soon, ATH after ATH            None
2025-03-05 15:42:31,263 - INFO: HTTP Request: POST https://api.cohere.com/v2/rerank "HTTP/1.1 200 OK"
2025-03-05 15:44:07,798 - INFO: Loaded checkpoint: cohere_initialized at 2025-03-05T15:42:30.397970
2025-03-05 15:44:08,758 - INFO: Data loaded successfully. Shape: (249222, 17)
2025-03-05 15:44:08,758 - INFO: Columns: ['id', 'subreddit', 'author', 'score', 'created_utc', 'type', 'num_comments', 'permalink', 'title', 'selftext', 'text', 'resolved_stock', 'post_id', 'special_char_ratio', 'word_count', 'unique_word_count', 'sentiment']
2025-03-05 15:44:08,759 - INFO: Checkpoint saved: data_loaded
2025-03-05 15:44:10,899 - INFO: Use pytorch device_name: mps
2025-03-05 15:44:10,899 - INFO: Load pretrained SentenceTransformer: deepset/all-mpnet-base-v2-table
2025-03-05 15:44:14,330 - INFO: Checkpoint saved: embeddings_initialized
2025-03-05 15:44:16,579 - INFO: Loaded previously processed documents. Skipping document chunking.
2025-03-05 15:44:16,588 - INFO: Anonymized telemetry enabled. See                     https://docs.trychroma.com/telemetry for more information.
2025-03-05 15:44:20,016 - INFO: Checkpoint saved: vector_store_created
2025-03-05 15:44:20,017 - INFO: Checkpoint saved: vector_db_loaded
2025-03-05 15:44:20,017 - ERROR: Failed to initialize Cohere services: 'FixedCohere' object has no attribute '__pydantic_fields_set__'
2025-03-05 15:44:36,877 - INFO: Loaded checkpoint: vector_db_loaded at 2025-03-05T15:44:20.017083
2025-03-05 15:44:37,838 - INFO: Data loaded successfully. Shape: (249222, 17)
2025-03-05 15:44:37,838 - INFO: Columns: ['id', 'subreddit', 'author', 'score', 'created_utc', 'type', 'num_comments', 'permalink', 'title', 'selftext', 'text', 'resolved_stock', 'post_id', 'special_char_ratio', 'word_count', 'unique_word_count', 'sentiment']
2025-03-05 15:44:37,838 - INFO: Checkpoint saved: data_loaded
2025-03-05 15:44:40,100 - INFO: Use pytorch device_name: mps
2025-03-05 15:44:40,100 - INFO: Load pretrained SentenceTransformer: deepset/all-mpnet-base-v2-table
2025-03-05 15:44:43,002 - INFO: Checkpoint saved: embeddings_initialized
2025-03-05 15:44:45,254 - INFO: Loaded previously processed documents. Skipping document chunking.
2025-03-05 15:44:45,260 - INFO: Anonymized telemetry enabled. See                     https://docs.trychroma.com/telemetry for more information.
2025-03-05 15:44:48,559 - INFO: Checkpoint saved: vector_store_created
2025-03-05 15:44:48,560 - INFO: Checkpoint saved: vector_db_loaded
2025-03-05 15:44:48,868 - INFO: HTTP Request: GET https://api.cohere.com/v1/models?endpoint=chat&default_only=true "HTTP/1.1 200 OK"
2025-03-05 15:44:48,893 - INFO: Checkpoint saved: cohere_initialized
2025-03-05 15:44:49,300 - INFO: HTTP Request: POST https://api.cohere.com/v2/rerank "HTTP/1.1 200 OK"
2025-03-05 15:44:49,309 - INFO: Query Results:
2025-03-05 15:44:49,312 - INFO:                                                Text      id                                             title relevance_score
0  APPL stock will go over $200 soon, ATH after ATH  rpyv6z  APPL stock will go over $200 soon, ATH after ATH            None
1  APPL stock will go over $200 soon, ATH after ATH  rpyv6z  APPL stock will go over $200 soon, ATH after ATH            None
2  APPL stock will go over $200 soon, ATH after ATH  rpyv6z  APPL stock will go over $200 soon, ATH after ATH            None
2025-03-05 15:44:49,602 - INFO: HTTP Request: POST https://api.cohere.com/v2/rerank "HTTP/1.1 200 OK"
2025-03-05 15:46:28,724 - INFO: Loaded checkpoint: cohere_initialized at 2025-03-05T15:44:48.893032
2025-03-05 15:46:29,685 - INFO: Data loaded successfully. Shape: (249222, 17)
2025-03-05 15:46:29,685 - INFO: Columns: ['id', 'subreddit', 'author', 'score', 'created_utc', 'type', 'num_comments', 'permalink', 'title', 'selftext', 'text', 'resolved_stock', 'post_id', 'special_char_ratio', 'word_count', 'unique_word_count', 'sentiment']
2025-03-05 15:46:29,685 - INFO: Checkpoint saved: data_loaded
2025-03-05 15:46:31,837 - INFO: Use pytorch device_name: mps
2025-03-05 15:46:31,837 - INFO: Load pretrained SentenceTransformer: deepset/all-mpnet-base-v2-table
2025-03-05 15:46:35,488 - INFO: Checkpoint saved: embeddings_initialized
2025-03-05 15:46:37,664 - INFO: Loaded previously processed documents. Skipping document chunking.
2025-03-05 15:46:37,674 - INFO: Anonymized telemetry enabled. See                     https://docs.trychroma.com/telemetry for more information.
2025-03-05 15:46:41,006 - INFO: Checkpoint saved: vector_store_created
2025-03-05 15:46:41,006 - INFO: Checkpoint saved: vector_db_loaded
2025-03-05 15:46:41,007 - ERROR: Failed to initialize Cohere services: 1 validation error for Cohere
model_name
  Extra inputs are not permitted [type=extra_forbidden, input_value='command-r', input_type=str]
    For further information visit https://errors.pydantic.dev/2.10/v/extra_forbidden
2025-03-05 15:49:49,463 - INFO: Loaded checkpoint: vector_db_loaded at 2025-03-05T15:46:41.006486
2025-03-05 15:49:50,451 - INFO: Data loaded successfully. Shape: (249222, 17)
2025-03-05 15:49:50,452 - INFO: Columns: ['id', 'subreddit', 'author', 'score', 'created_utc', 'type', 'num_comments', 'permalink', 'title', 'selftext', 'text', 'resolved_stock', 'post_id', 'special_char_ratio', 'word_count', 'unique_word_count', 'sentiment']
2025-03-05 15:49:50,452 - INFO: Checkpoint saved: data_loaded
2025-03-05 15:49:52,654 - INFO: Use pytorch device_name: mps
2025-03-05 15:49:52,654 - INFO: Load pretrained SentenceTransformer: deepset/all-mpnet-base-v2-table
2025-03-05 15:49:56,036 - INFO: Checkpoint saved: embeddings_initialized
2025-03-05 15:49:58,272 - INFO: Loaded previously processed documents. Skipping document chunking.
2025-03-05 15:49:58,283 - INFO: Anonymized telemetry enabled. See                     https://docs.trychroma.com/telemetry for more information.
2025-03-05 15:50:01,960 - INFO: Checkpoint saved: vector_store_created
2025-03-05 15:50:01,960 - INFO: Checkpoint saved: vector_db_loaded
2025-03-05 15:50:02,008 - INFO: Checkpoint saved: cohere_initialized
2025-03-05 15:50:02,921 - INFO: HTTP Request: POST https://api.cohere.com/v2/rerank "HTTP/1.1 200 OK"
2025-03-05 15:50:02,935 - INFO: Query Results:
2025-03-05 15:50:02,938 - INFO:                                                Text      id                                             title relevance_score
0  APPL stock will go over $200 soon, ATH after ATH  rpyv6z  APPL stock will go over $200 soon, ATH after ATH            None
1  APPL stock will go over $200 soon, ATH after ATH  rpyv6z  APPL stock will go over $200 soon, ATH after ATH            None
2  APPL stock will go over $200 soon, ATH after ATH  rpyv6z  APPL stock will go over $200 soon, ATH after ATH            None
2025-03-05 15:50:03,276 - INFO: HTTP Request: POST https://api.cohere.com/v2/rerank "HTTP/1.1 200 OK"
2025-03-05 15:50:05,529 - INFO: HTTP Request: POST https://api.cohere.com/v2/chat "HTTP/1.1 200 OK"
2025-03-05 15:52:03,669 - INFO: Loaded checkpoint: cohere_initialized at 2025-03-05T15:50:02.008713
2025-03-05 15:52:04,629 - INFO: Data loaded successfully. Shape: (249222, 17)
2025-03-05 15:52:04,629 - INFO: Columns: ['id', 'subreddit', 'author', 'score', 'created_utc', 'type', 'num_comments', 'permalink', 'title', 'selftext', 'text', 'resolved_stock', 'post_id', 'special_char_ratio', 'word_count', 'unique_word_count', 'sentiment']
2025-03-05 15:52:04,629 - INFO: Checkpoint saved: data_loaded
2025-03-05 15:52:06,787 - INFO: Use pytorch device_name: mps
2025-03-05 15:52:06,787 - INFO: Load pretrained SentenceTransformer: deepset/all-mpnet-base-v2-table
2025-03-05 15:52:10,273 - INFO: Checkpoint saved: embeddings_initialized
2025-03-05 15:52:12,500 - INFO: Loaded previously processed documents. Skipping document chunking.
2025-03-05 15:52:12,509 - INFO: Anonymized telemetry enabled. See                     https://docs.trychroma.com/telemetry for more information.
2025-03-05 15:52:15,992 - INFO: Checkpoint saved: vector_store_created
2025-03-05 15:52:15,993 - INFO: Checkpoint saved: vector_db_loaded
2025-03-05 15:52:16,045 - INFO: Checkpoint saved: cohere_initialized
2025-03-05 15:52:16,500 - INFO: HTTP Request: POST https://api.cohere.com/v2/rerank "HTTP/1.1 200 OK"
2025-03-05 15:52:16,523 - INFO: Query Results:
2025-03-05 15:52:16,527 - INFO:                                                Text      id                                             title relevance_score
0  APPL stock will go over $200 soon, ATH after ATH  rpyv6z  APPL stock will go over $200 soon, ATH after ATH            None
1  APPL stock will go over $200 soon, ATH after ATH  rpyv6z  APPL stock will go over $200 soon, ATH after ATH            None
2  APPL stock will go over $200 soon, ATH after ATH  rpyv6z  APPL stock will go over $200 soon, ATH after ATH            None
2025-03-05 15:55:34,894 - INFO: Loaded checkpoint: cohere_initialized at 2025-03-05T15:52:16.045661
2025-03-05 15:55:35,849 - INFO: Data loaded successfully. Shape: (249222, 17)
2025-03-05 15:55:35,849 - INFO: Columns: ['id', 'subreddit', 'author', 'score', 'created_utc', 'type', 'num_comments', 'permalink', 'title', 'selftext', 'text', 'resolved_stock', 'post_id', 'special_char_ratio', 'word_count', 'unique_word_count', 'sentiment']
2025-03-05 15:55:35,850 - INFO: Checkpoint saved: data_loaded
2025-03-05 15:55:38,005 - INFO: Use pytorch device_name: mps
2025-03-05 15:55:38,005 - INFO: Load pretrained SentenceTransformer: deepset/all-mpnet-base-v2-table
2025-03-05 15:55:41,233 - INFO: Checkpoint saved: embeddings_initialized
2025-03-05 15:55:43,421 - INFO: Loaded previously processed documents. Skipping document chunking.
2025-03-05 15:55:43,431 - INFO: Anonymized telemetry enabled. See                     https://docs.trychroma.com/telemetry for more information.
2025-03-05 15:55:46,881 - INFO: Checkpoint saved: vector_store_created
2025-03-05 15:55:46,881 - INFO: Checkpoint saved: vector_db_loaded
2025-03-05 15:55:46,933 - INFO: Checkpoint saved: cohere_initialized
2025-03-05 15:55:47,341 - INFO: HTTP Request: POST https://api.cohere.com/v2/rerank "HTTP/1.1 200 OK"
2025-03-05 15:55:47,362 - INFO: Query Results:
2025-03-05 15:55:47,369 - INFO:                                                Text      id                                             title relevance_score
0  APPL stock will go over $200 soon, ATH after ATH  rpyv6z  APPL stock will go over $200 soon, ATH after ATH            None
1  APPL stock will go over $200 soon, ATH after ATH  rpyv6z  APPL stock will go over $200 soon, ATH after ATH            None
2  APPL stock will go over $200 soon, ATH after ATH  rpyv6z  APPL stock will go over $200 soon, ATH after ATH            None
2025-03-05 15:55:47,664 - INFO: HTTP Request: POST https://api.cohere.com/v2/rerank "HTTP/1.1 200 OK"
2025-03-05 15:55:49,593 - INFO: HTTP Request: POST https://api.cohere.com/v2/chat "HTTP/1.1 200 OK"
2025-03-05 15:55:49,598 - INFO: 
QA Chain Response:
2025-03-05 15:55:49,599 - INFO: APPL is the stock ticker symbol for Apple Inc., a multinational technology company headquartered in Cupertino, California. The company designs, manufactures, and markets a wide range of consumer electronics, software products, and services.

The text you provided suggests that the stock price of Apple is expected to rise above $200, potentially reaching new all-time highs (ATH). This could be an indication of market optimism and positive sentiment towards the company's performance and future prospects.
2025-03-05 15:55:49,599 - INFO: Checkpoint saved: process_completed
